<?xml version="1.0" encoding="UTF-8"?>
<coverage generated="1574369438716" clover="3.2.0">
  <project timestamp="1574369438716" name="All files">
    <metrics statements="78" coveredstatements="66" conditionals="49" coveredconditionals="37" methods="26" coveredmethods="22" elements="153" coveredelements="125" complexity="0" loc="78" ncloc="78" packages="1" files="2" classes="2"/>
    <file name="index.js" path="/Users/mcamiano/workspace/luxian/src/index.js">
      <metrics statements="43" coveredstatements="39" conditionals="26" coveredconditionals="18" methods="14" coveredmethods="13"/>
      <line num="26" count="1" type="cond" truecount="4" falsecount="1"/>
      <line num="27" count="0" type="stmt"/>
      <line num="30" count="1" type="cond" truecount="1" falsecount="1"/>
      <line num="31" count="1" type="stmt"/>
      <line num="33" count="1" type="cond" truecount="1" falsecount="2"/>
      <line num="34" count="15" type="stmt"/>
      <line num="35" count="15" type="stmt"/>
      <line num="38" count="1" type="stmt"/>
      <line num="39" count="1" type="stmt"/>
      <line num="40" count="3" type="stmt"/>
      <line num="42" count="8" type="stmt"/>
      <line num="44" count="1" type="stmt"/>
      <line num="50" count="28" type="cond" truecount="2" falsecount="0"/>
      <line num="51" count="9" type="stmt"/>
      <line num="54" count="19" type="cond" truecount="2" falsecount="0"/>
      <line num="55" count="1" type="stmt"/>
      <line num="58" count="18" type="cond" truecount="1" falsecount="1"/>
      <line num="59" count="0" type="stmt"/>
      <line num="62" count="18" type="cond" truecount="2" falsecount="0"/>
      <line num="63" count="6" type="stmt"/>
      <line num="66" count="12" type="cond" truecount="2" falsecount="0"/>
      <line num="67" count="1" type="cond" truecount="0" falsecount="1"/>
      <line num="68" count="1" type="stmt"/>
      <line num="69" count="1" type="stmt"/>
      <line num="70" count="1" type="stmt"/>
      <line num="74" count="11" type="cond" truecount="2" falsecount="0"/>
      <line num="75" count="4" type="cond" truecount="0" falsecount="1"/>
      <line num="76" count="4" type="stmt"/>
      <line num="77" count="4" type="stmt"/>
      <line num="78" count="4" type="stmt"/>
      <line num="83" count="7" type="stmt"/>
      <line num="85" count="7" type="stmt"/>
      <line num="87" count="3" type="stmt"/>
      <line num="90" count="1" type="stmt"/>
      <line num="93" count="1" type="stmt"/>
      <line num="96" count="1" type="stmt"/>
      <line num="99" count="0" type="stmt"/>
      <line num="102" count="1" type="stmt"/>
      <line num="106" count="7" type="stmt"/>
      <line num="108" count="7" type="cond" truecount="1" falsecount="1"/>
      <line num="109" count="7" type="stmt"/>
      <line num="111" count="0" type="stmt"/>
      <line num="115" count="7" type="stmt"/>
    </file>
    <file name="routeHelper.js" path="/Users/mcamiano/workspace/luxian/src/routeHelper.js">
      <metrics statements="35" coveredstatements="27" conditionals="23" coveredconditionals="19" methods="12" coveredmethods="9"/>
      <line num="5" count="8" type="stmt"/>
      <line num="6" count="8" type="stmt"/>
      <line num="7" count="8" type="stmt"/>
      <line num="11" count="8" type="stmt"/>
      <line num="12" count="8" type="stmt"/>
      <line num="16" count="1" type="stmt"/>
      <line num="20" count="7" type="stmt"/>
      <line num="21" count="1" type="stmt"/>
      <line num="23" count="7" type="stmt"/>
      <line num="24" count="7" type="stmt"/>
      <line num="25" count="7" type="cond" truecount="2" falsecount="0"/>
      <line num="26" count="7" type="stmt"/>
      <line num="30" count="8" type="cond" truecount="1" falsecount="1"/>
      <line num="31" count="8" type="stmt"/>
      <line num="35" count="0" type="stmt"/>
      <line num="39" count="0" type="stmt"/>
      <line num="40" count="0" type="stmt"/>
      <line num="41" count="0" type="stmt"/>
      <line num="45" count="0" type="stmt"/>
      <line num="49" count="7" type="stmt"/>
      <line num="50" count="7" type="stmt"/>
      <line num="52" count="7" type="cond" truecount="1" falsecount="1"/>
      <line num="53" count="0" type="stmt"/>
      <line num="56" count="7" type="cond" truecount="1" falsecount="1"/>
      <line num="57" count="0" type="stmt"/>
      <line num="61" count="7" type="cond" truecount="5" falsecount="0"/>
      <line num="62" count="4" type="stmt"/>
      <line num="65" count="12" type="cond" truecount="2" falsecount="0"/>
      <line num="66" count="4" type="stmt"/>
      <line num="67" count="4" type="cond" truecount="3" falsecount="1"/>
      <line num="68" count="0" type="stmt"/>
      <line num="70" count="4" type="stmt"/>
      <line num="72" count="8" type="stmt"/>
      <line num="79" count="3" type="stmt"/>
      <line num="81" count="9" type="cond" truecount="2" falsecount="0"/>
    </file>
  </project>
</coverage>
