<?xml version="1.0" encoding="UTF-8"?>
<coverage generated="1573517923644" clover="3.2.0">
  <project timestamp="1573517923644" name="All files">
    <metrics statements="43" coveredstatements="39" conditionals="26" coveredconditionals="18" methods="14" coveredmethods="13" elements="83" coveredelements="70" complexity="0" loc="43" ncloc="43" packages="1" files="1" classes="1"/>
    <file name="index.js" path="/Users/mcamiano/workspace/luxian/src/index.js">
      <metrics statements="43" coveredstatements="39" conditionals="26" coveredconditionals="18" methods="14" coveredmethods="13"/>
      <line num="29" count="1" type="cond" truecount="4" falsecount="1"/>
      <line num="30" count="0" type="stmt"/>
      <line num="33" count="1" type="cond" truecount="1" falsecount="1"/>
      <line num="34" count="1" type="stmt"/>
      <line num="36" count="1" type="cond" truecount="1" falsecount="2"/>
      <line num="37" count="15" type="stmt"/>
      <line num="38" count="15" type="stmt"/>
      <line num="41" count="1" type="stmt"/>
      <line num="42" count="1" type="stmt"/>
      <line num="43" count="3" type="stmt"/>
      <line num="45" count="8" type="stmt"/>
      <line num="47" count="1" type="stmt"/>
      <line num="53" count="28" type="cond" truecount="2" falsecount="0"/>
      <line num="54" count="9" type="stmt"/>
      <line num="57" count="19" type="cond" truecount="2" falsecount="0"/>
      <line num="58" count="1" type="stmt"/>
      <line num="61" count="18" type="cond" truecount="1" falsecount="1"/>
      <line num="62" count="0" type="stmt"/>
      <line num="65" count="18" type="cond" truecount="2" falsecount="0"/>
      <line num="66" count="6" type="stmt"/>
      <line num="69" count="12" type="cond" truecount="2" falsecount="0"/>
      <line num="70" count="1" type="cond" truecount="0" falsecount="1"/>
      <line num="71" count="1" type="stmt"/>
      <line num="72" count="1" type="stmt"/>
      <line num="73" count="1" type="stmt"/>
      <line num="77" count="11" type="cond" truecount="2" falsecount="0"/>
      <line num="78" count="4" type="cond" truecount="0" falsecount="1"/>
      <line num="79" count="4" type="stmt"/>
      <line num="80" count="4" type="stmt"/>
      <line num="81" count="4" type="stmt"/>
      <line num="86" count="7" type="stmt"/>
      <line num="88" count="7" type="stmt"/>
      <line num="90" count="3" type="stmt"/>
      <line num="93" count="1" type="stmt"/>
      <line num="96" count="1" type="stmt"/>
      <line num="99" count="1" type="stmt"/>
      <line num="102" count="0" type="stmt"/>
      <line num="105" count="1" type="stmt"/>
      <line num="109" count="7" type="stmt"/>
      <line num="111" count="7" type="cond" truecount="1" falsecount="1"/>
      <line num="112" count="7" type="stmt"/>
      <line num="114" count="0" type="stmt"/>
      <line num="118" count="7" type="stmt"/>
    </file>
  </project>
</coverage>
