{"/Users/mcamiano/workspace/luxian/src/index.js": {"path":"/Users/mcamiano/workspace/luxian/src/index.js","statementMap":{"0":{"start":{"line":29,"column":8},"end":{"line":31,"column":9}},"1":{"start":{"line":30,"column":12},"end":{"line":30,"column":82}},"2":{"start":{"line":33,"column":24},"end":{"line":33,"column":94}},"3":{"start":{"line":34,"column":21},"end":{"line":34,"column":40}},"4":{"start":{"line":36,"column":26},"end":{"line":39,"column":9}},"5":{"start":{"line":37,"column":30},"end":{"line":37,"column":77}},"6":{"start":{"line":38,"column":12},"end":{"line":38,"column":53}},"7":{"start":{"line":41,"column":31},"end":{"line":41,"column":33}},"8":{"start":{"line":42,"column":8},"end":{"line":44,"column":11}},"9":{"start":{"line":43,"column":12},"end":{"line":43,"column":73}},"10":{"start":{"line":45,"column":26},"end":{"line":45,"column":74}},"11":{"start":{"line":45,"column":32},"end":{"line":45,"column":74}},"12":{"start":{"line":47,"column":8},"end":{"line":120,"column":11}},"13":{"start":{"line":53,"column":16},"end":{"line":55,"column":17}},"14":{"start":{"line":54,"column":20},"end":{"line":54,"column":40}},"15":{"start":{"line":57,"column":16},"end":{"line":59,"column":17}},"16":{"start":{"line":58,"column":20},"end":{"line":58,"column":39}},"17":{"start":{"line":61,"column":16},"end":{"line":63,"column":17}},"18":{"start":{"line":62,"column":20},"end":{"line":62,"column":32}},"19":{"start":{"line":65,"column":16},"end":{"line":67,"column":17}},"20":{"start":{"line":66,"column":20},"end":{"line":66,"column":37}},"21":{"start":{"line":69,"column":16},"end":{"line":75,"column":17}},"22":{"start":{"line":70,"column":20},"end":{"line":74,"column":22}},"23":{"start":{"line":71,"column":37},"end":{"line":71,"column":56}},"24":{"start":{"line":72,"column":24},"end":{"line":72,"column":45}},"25":{"start":{"line":73,"column":24},"end":{"line":73,"column":38}},"26":{"start":{"line":77,"column":16},"end":{"line":83,"column":17}},"27":{"start":{"line":78,"column":20},"end":{"line":82,"column":22}},"28":{"start":{"line":79,"column":37},"end":{"line":79,"column":56}},"29":{"start":{"line":80,"column":24},"end":{"line":80,"column":46}},"30":{"start":{"line":81,"column":24},"end":{"line":81,"column":38}},"31":{"start":{"line":86,"column":32},"end":{"line":86,"column":47}},"32":{"start":{"line":88,"column":42},"end":{"line":107,"column":17}},"33":{"start":{"line":90,"column":24},"end":{"line":90,"column":100}},"34":{"start":{"line":93,"column":24},"end":{"line":93,"column":110}},"35":{"start":{"line":96,"column":24},"end":{"line":96,"column":117}},"36":{"start":{"line":99,"column":24},"end":{"line":99,"column":116}},"37":{"start":{"line":102,"column":24},"end":{"line":102,"column":118}},"38":{"start":{"line":105,"column":24},"end":{"line":105,"column":113}},"39":{"start":{"line":109,"column":32},"end":{"line":116,"column":18}},"40":{"start":{"line":111,"column":24},"end":{"line":113,"column":25}},"41":{"start":{"line":112,"column":28},"end":{"line":112,"column":59}},"42":{"start":{"line":114,"column":24},"end":{"line":114,"column":57}},"43":{"start":{"line":118,"column":16},"end":{"line":118,"column":31}}},"fnMap":{"0":{"name":"(anonymous_0)","decl":{"start":{"line":27,"column":4},"end":{"line":27,"column":5}},"loc":{"start":{"line":27,"column":26},"end":{"line":121,"column":5}},"line":27},"1":{"name":"(anonymous_1)","decl":{"start":{"line":36,"column":92},"end":{"line":36,"column":93}},"loc":{"start":{"line":36,"column":105},"end":{"line":39,"column":9}},"line":36},"2":{"name":"(anonymous_2)","decl":{"start":{"line":42,"column":63},"end":{"line":42,"column":64}},"loc":{"start":{"line":42,"column":71},"end":{"line":44,"column":9}},"line":42},"3":{"name":"(anonymous_3)","decl":{"start":{"line":45,"column":26},"end":{"line":45,"column":27}},"loc":{"start":{"line":45,"column":32},"end":{"line":45,"column":74}},"line":45},"4":{"name":"(anonymous_4)","decl":{"start":{"line":52,"column":17},"end":{"line":52,"column":18}},"loc":{"start":{"line":52,"column":50},"end":{"line":119,"column":13}},"line":52},"5":{"name":"(anonymous_5)","decl":{"start":{"line":70,"column":27},"end":{"line":70,"column":28}},"loc":{"start":{"line":70,"column":46},"end":{"line":74,"column":21}},"line":70},"6":{"name":"(anonymous_6)","decl":{"start":{"line":78,"column":27},"end":{"line":78,"column":28}},"loc":{"start":{"line":78,"column":46},"end":{"line":82,"column":21}},"line":78},"7":{"name":"(anonymous_7)","decl":{"start":{"line":89,"column":20},"end":{"line":89,"column":21}},"loc":{"start":{"line":89,"column":35},"end":{"line":91,"column":21}},"line":89},"8":{"name":"(anonymous_8)","decl":{"start":{"line":92,"column":20},"end":{"line":92,"column":21}},"loc":{"start":{"line":92,"column":32},"end":{"line":94,"column":21}},"line":92},"9":{"name":"(anonymous_9)","decl":{"start":{"line":95,"column":20},"end":{"line":95,"column":21}},"loc":{"start":{"line":95,"column":37},"end":{"line":97,"column":21}},"line":95},"10":{"name":"(anonymous_10)","decl":{"start":{"line":98,"column":20},"end":{"line":98,"column":21}},"loc":{"start":{"line":98,"column":36},"end":{"line":100,"column":21}},"line":98},"11":{"name":"(anonymous_11)","decl":{"start":{"line":101,"column":20},"end":{"line":101,"column":21}},"loc":{"start":{"line":101,"column":38},"end":{"line":103,"column":21}},"line":101},"12":{"name":"(anonymous_12)","decl":{"start":{"line":104,"column":20},"end":{"line":104,"column":21}},"loc":{"start":{"line":104,"column":35},"end":{"line":106,"column":21}},"line":104},"13":{"name":"(anonymous_13)","decl":{"start":{"line":110,"column":25},"end":{"line":110,"column":26}},"loc":{"start":{"line":110,"column":58},"end":{"line":115,"column":21}},"line":110}},"branchMap":{"0":{"loc":{"start":{"line":29,"column":8},"end":{"line":31,"column":9}},"type":"if","locations":[{"start":{"line":29,"column":8},"end":{"line":31,"column":9}},{"start":{"line":29,"column":8},"end":{"line":31,"column":9}}],"line":29},"1":{"loc":{"start":{"line":29,"column":14},"end":{"line":29,"column":74}},"type":"binary-expr","locations":[{"start":{"line":29,"column":14},"end":{"line":29,"column":29}},{"start":{"line":29,"column":33},"end":{"line":29,"column":52}},{"start":{"line":29,"column":56},"end":{"line":29,"column":74}}],"line":29},"2":{"loc":{"start":{"line":33,"column":43},"end":{"line":33,"column":93}},"type":"cond-expr","locations":[{"start":{"line":33,"column":85},"end":{"line":33,"column":88}},{"start":{"line":33,"column":91},"end":{"line":33,"column":93}}],"line":33},"3":{"loc":{"start":{"line":36,"column":26},"end":{"line":39,"column":9}},"type":"cond-expr","locations":[{"start":{"line":36,"column":71},"end":{"line":36,"column":89}},{"start":{"line":36,"column":92},"end":{"line":39,"column":9}}],"line":36},"4":{"loc":{"start":{"line":36,"column":93},"end":{"line":36,"column":100}},"type":"default-arg","locations":[{"start":{"line":36,"column":98},"end":{"line":36,"column":100}}],"line":36},"5":{"loc":{"start":{"line":53,"column":16},"end":{"line":55,"column":17}},"type":"if","locations":[{"start":{"line":53,"column":16},"end":{"line":55,"column":17}},{"start":{"line":53,"column":16},"end":{"line":55,"column":17}}],"line":53},"6":{"loc":{"start":{"line":57,"column":16},"end":{"line":59,"column":17}},"type":"if","locations":[{"start":{"line":57,"column":16},"end":{"line":59,"column":17}},{"start":{"line":57,"column":16},"end":{"line":59,"column":17}}],"line":57},"7":{"loc":{"start":{"line":61,"column":16},"end":{"line":63,"column":17}},"type":"if","locations":[{"start":{"line":61,"column":16},"end":{"line":63,"column":17}},{"start":{"line":61,"column":16},"end":{"line":63,"column":17}}],"line":61},"8":{"loc":{"start":{"line":65,"column":16},"end":{"line":67,"column":17}},"type":"if","locations":[{"start":{"line":65,"column":16},"end":{"line":67,"column":17}},{"start":{"line":65,"column":16},"end":{"line":67,"column":17}}],"line":65},"9":{"loc":{"start":{"line":69,"column":16},"end":{"line":75,"column":17}},"type":"if","locations":[{"start":{"line":69,"column":16},"end":{"line":75,"column":17}},{"start":{"line":69,"column":16},"end":{"line":75,"column":17}}],"line":69},"10":{"loc":{"start":{"line":70,"column":36},"end":{"line":70,"column":44}},"type":"default-arg","locations":[{"start":{"line":70,"column":42},"end":{"line":70,"column":44}}],"line":70},"11":{"loc":{"start":{"line":77,"column":16},"end":{"line":83,"column":17}},"type":"if","locations":[{"start":{"line":77,"column":16},"end":{"line":83,"column":17}},{"start":{"line":77,"column":16},"end":{"line":83,"column":17}}],"line":77},"12":{"loc":{"start":{"line":78,"column":36},"end":{"line":78,"column":44}},"type":"default-arg","locations":[{"start":{"line":78,"column":42},"end":{"line":78,"column":44}}],"line":78},"13":{"loc":{"start":{"line":111,"column":24},"end":{"line":113,"column":25}},"type":"if","locations":[{"start":{"line":111,"column":24},"end":{"line":113,"column":25}},{"start":{"line":111,"column":24},"end":{"line":113,"column":25}}],"line":111}},"s":{"0":1,"1":0,"2":1,"3":1,"4":1,"5":15,"6":15,"7":1,"8":1,"9":3,"10":1,"11":8,"12":1,"13":28,"14":9,"15":19,"16":1,"17":18,"18":0,"19":18,"20":6,"21":12,"22":1,"23":1,"24":1,"25":1,"26":11,"27":4,"28":4,"29":4,"30":4,"31":7,"32":7,"33":3,"34":1,"35":1,"36":1,"37":0,"38":1,"39":7,"40":7,"41":7,"42":0,"43":7},"f":{"0":1,"1":15,"2":3,"3":8,"4":28,"5":1,"6":4,"7":3,"8":1,"9":1,"10":1,"11":0,"12":1,"13":7},"b":{"0":[0,1],"1":[1,1,1],"2":[1,0],"3":[0,1],"4":[0],"5":[9,19],"6":[1,18],"7":[0,18],"8":[6,12],"9":[1,11],"10":[0],"11":[4,7],"12":[0],"13":[7,0]},"_coverageSchema":"43e27e138ebf9cfc5966b082cf9a028302ed4184","hash":"1f5a066c428cb3580f6d2fa858e457bf2f2663a9"}
}
