{"/Users/mcamiano/workspace/luxian/src/index.js": {"path":"/Users/mcamiano/workspace/luxian/src/index.js","statementMap":{"0":{"start":{"line":26,"column":8},"end":{"line":28,"column":9}},"1":{"start":{"line":27,"column":12},"end":{"line":27,"column":132}},"2":{"start":{"line":30,"column":24},"end":{"line":30,"column":94}},"3":{"start":{"line":31,"column":21},"end":{"line":31,"column":40}},"4":{"start":{"line":33,"column":26},"end":{"line":36,"column":9}},"5":{"start":{"line":34,"column":30},"end":{"line":34,"column":77}},"6":{"start":{"line":35,"column":12},"end":{"line":35,"column":53}},"7":{"start":{"line":38,"column":31},"end":{"line":38,"column":33}},"8":{"start":{"line":39,"column":8},"end":{"line":41,"column":11}},"9":{"start":{"line":40,"column":12},"end":{"line":40,"column":73}},"10":{"start":{"line":42,"column":26},"end":{"line":42,"column":74}},"11":{"start":{"line":42,"column":32},"end":{"line":42,"column":74}},"12":{"start":{"line":44,"column":8},"end":{"line":117,"column":11}},"13":{"start":{"line":50,"column":16},"end":{"line":52,"column":17}},"14":{"start":{"line":51,"column":20},"end":{"line":51,"column":40}},"15":{"start":{"line":54,"column":16},"end":{"line":56,"column":17}},"16":{"start":{"line":55,"column":20},"end":{"line":55,"column":39}},"17":{"start":{"line":58,"column":16},"end":{"line":60,"column":17}},"18":{"start":{"line":59,"column":20},"end":{"line":59,"column":32}},"19":{"start":{"line":62,"column":16},"end":{"line":64,"column":17}},"20":{"start":{"line":63,"column":20},"end":{"line":63,"column":37}},"21":{"start":{"line":66,"column":16},"end":{"line":72,"column":17}},"22":{"start":{"line":67,"column":20},"end":{"line":71,"column":22}},"23":{"start":{"line":68,"column":37},"end":{"line":68,"column":56}},"24":{"start":{"line":69,"column":24},"end":{"line":69,"column":45}},"25":{"start":{"line":70,"column":24},"end":{"line":70,"column":38}},"26":{"start":{"line":74,"column":16},"end":{"line":80,"column":17}},"27":{"start":{"line":75,"column":20},"end":{"line":79,"column":22}},"28":{"start":{"line":76,"column":37},"end":{"line":76,"column":56}},"29":{"start":{"line":77,"column":24},"end":{"line":77,"column":46}},"30":{"start":{"line":78,"column":24},"end":{"line":78,"column":38}},"31":{"start":{"line":83,"column":32},"end":{"line":83,"column":47}},"32":{"start":{"line":85,"column":42},"end":{"line":104,"column":17}},"33":{"start":{"line":87,"column":24},"end":{"line":87,"column":100}},"34":{"start":{"line":90,"column":24},"end":{"line":90,"column":110}},"35":{"start":{"line":93,"column":24},"end":{"line":93,"column":117}},"36":{"start":{"line":96,"column":24},"end":{"line":96,"column":116}},"37":{"start":{"line":99,"column":24},"end":{"line":99,"column":118}},"38":{"start":{"line":102,"column":24},"end":{"line":102,"column":113}},"39":{"start":{"line":106,"column":32},"end":{"line":113,"column":18}},"40":{"start":{"line":108,"column":24},"end":{"line":110,"column":25}},"41":{"start":{"line":109,"column":28},"end":{"line":109,"column":59}},"42":{"start":{"line":111,"column":24},"end":{"line":111,"column":57}},"43":{"start":{"line":115,"column":16},"end":{"line":115,"column":31}}},"fnMap":{"0":{"name":"(anonymous_0)","decl":{"start":{"line":25,"column":11},"end":{"line":25,"column":12}},"loc":{"start":{"line":25,"column":34},"end":{"line":118,"column":5}},"line":25},"1":{"name":"(anonymous_1)","decl":{"start":{"line":33,"column":92},"end":{"line":33,"column":93}},"loc":{"start":{"line":33,"column":105},"end":{"line":36,"column":9}},"line":33},"2":{"name":"(anonymous_2)","decl":{"start":{"line":39,"column":63},"end":{"line":39,"column":64}},"loc":{"start":{"line":39,"column":71},"end":{"line":41,"column":9}},"line":39},"3":{"name":"(anonymous_3)","decl":{"start":{"line":42,"column":26},"end":{"line":42,"column":27}},"loc":{"start":{"line":42,"column":32},"end":{"line":42,"column":74}},"line":42},"4":{"name":"(anonymous_4)","decl":{"start":{"line":49,"column":17},"end":{"line":49,"column":18}},"loc":{"start":{"line":49,"column":50},"end":{"line":116,"column":13}},"line":49},"5":{"name":"(anonymous_5)","decl":{"start":{"line":67,"column":27},"end":{"line":67,"column":28}},"loc":{"start":{"line":67,"column":46},"end":{"line":71,"column":21}},"line":67},"6":{"name":"(anonymous_6)","decl":{"start":{"line":75,"column":27},"end":{"line":75,"column":28}},"loc":{"start":{"line":75,"column":46},"end":{"line":79,"column":21}},"line":75},"7":{"name":"(anonymous_7)","decl":{"start":{"line":86,"column":20},"end":{"line":86,"column":21}},"loc":{"start":{"line":86,"column":35},"end":{"line":88,"column":21}},"line":86},"8":{"name":"(anonymous_8)","decl":{"start":{"line":89,"column":20},"end":{"line":89,"column":21}},"loc":{"start":{"line":89,"column":32},"end":{"line":91,"column":21}},"line":89},"9":{"name":"(anonymous_9)","decl":{"start":{"line":92,"column":20},"end":{"line":92,"column":21}},"loc":{"start":{"line":92,"column":37},"end":{"line":94,"column":21}},"line":92},"10":{"name":"(anonymous_10)","decl":{"start":{"line":95,"column":20},"end":{"line":95,"column":21}},"loc":{"start":{"line":95,"column":36},"end":{"line":97,"column":21}},"line":95},"11":{"name":"(anonymous_11)","decl":{"start":{"line":98,"column":20},"end":{"line":98,"column":21}},"loc":{"start":{"line":98,"column":38},"end":{"line":100,"column":21}},"line":98},"12":{"name":"(anonymous_12)","decl":{"start":{"line":101,"column":20},"end":{"line":101,"column":21}},"loc":{"start":{"line":101,"column":35},"end":{"line":103,"column":21}},"line":101},"13":{"name":"(anonymous_13)","decl":{"start":{"line":107,"column":25},"end":{"line":107,"column":26}},"loc":{"start":{"line":107,"column":58},"end":{"line":112,"column":21}},"line":107}},"branchMap":{"0":{"loc":{"start":{"line":26,"column":8},"end":{"line":28,"column":9}},"type":"if","locations":[{"start":{"line":26,"column":8},"end":{"line":28,"column":9}},{"start":{"line":26,"column":8},"end":{"line":28,"column":9}}],"line":26},"1":{"loc":{"start":{"line":26,"column":14},"end":{"line":26,"column":74}},"type":"binary-expr","locations":[{"start":{"line":26,"column":14},"end":{"line":26,"column":29}},{"start":{"line":26,"column":33},"end":{"line":26,"column":52}},{"start":{"line":26,"column":56},"end":{"line":26,"column":74}}],"line":26},"2":{"loc":{"start":{"line":30,"column":43},"end":{"line":30,"column":93}},"type":"cond-expr","locations":[{"start":{"line":30,"column":85},"end":{"line":30,"column":88}},{"start":{"line":30,"column":91},"end":{"line":30,"column":93}}],"line":30},"3":{"loc":{"start":{"line":33,"column":26},"end":{"line":36,"column":9}},"type":"cond-expr","locations":[{"start":{"line":33,"column":71},"end":{"line":33,"column":89}},{"start":{"line":33,"column":92},"end":{"line":36,"column":9}}],"line":33},"4":{"loc":{"start":{"line":33,"column":93},"end":{"line":33,"column":100}},"type":"default-arg","locations":[{"start":{"line":33,"column":98},"end":{"line":33,"column":100}}],"line":33},"5":{"loc":{"start":{"line":50,"column":16},"end":{"line":52,"column":17}},"type":"if","locations":[{"start":{"line":50,"column":16},"end":{"line":52,"column":17}},{"start":{"line":50,"column":16},"end":{"line":52,"column":17}}],"line":50},"6":{"loc":{"start":{"line":54,"column":16},"end":{"line":56,"column":17}},"type":"if","locations":[{"start":{"line":54,"column":16},"end":{"line":56,"column":17}},{"start":{"line":54,"column":16},"end":{"line":56,"column":17}}],"line":54},"7":{"loc":{"start":{"line":58,"column":16},"end":{"line":60,"column":17}},"type":"if","locations":[{"start":{"line":58,"column":16},"end":{"line":60,"column":17}},{"start":{"line":58,"column":16},"end":{"line":60,"column":17}}],"line":58},"8":{"loc":{"start":{"line":62,"column":16},"end":{"line":64,"column":17}},"type":"if","locations":[{"start":{"line":62,"column":16},"end":{"line":64,"column":17}},{"start":{"line":62,"column":16},"end":{"line":64,"column":17}}],"line":62},"9":{"loc":{"start":{"line":66,"column":16},"end":{"line":72,"column":17}},"type":"if","locations":[{"start":{"line":66,"column":16},"end":{"line":72,"column":17}},{"start":{"line":66,"column":16},"end":{"line":72,"column":17}}],"line":66},"10":{"loc":{"start":{"line":67,"column":36},"end":{"line":67,"column":44}},"type":"default-arg","locations":[{"start":{"line":67,"column":42},"end":{"line":67,"column":44}}],"line":67},"11":{"loc":{"start":{"line":74,"column":16},"end":{"line":80,"column":17}},"type":"if","locations":[{"start":{"line":74,"column":16},"end":{"line":80,"column":17}},{"start":{"line":74,"column":16},"end":{"line":80,"column":17}}],"line":74},"12":{"loc":{"start":{"line":75,"column":36},"end":{"line":75,"column":44}},"type":"default-arg","locations":[{"start":{"line":75,"column":42},"end":{"line":75,"column":44}}],"line":75},"13":{"loc":{"start":{"line":108,"column":24},"end":{"line":110,"column":25}},"type":"if","locations":[{"start":{"line":108,"column":24},"end":{"line":110,"column":25}},{"start":{"line":108,"column":24},"end":{"line":110,"column":25}}],"line":108}},"s":{"0":1,"1":0,"2":1,"3":1,"4":1,"5":15,"6":15,"7":1,"8":1,"9":3,"10":1,"11":8,"12":1,"13":28,"14":9,"15":19,"16":1,"17":18,"18":0,"19":18,"20":6,"21":12,"22":1,"23":1,"24":1,"25":1,"26":11,"27":4,"28":4,"29":4,"30":4,"31":7,"32":7,"33":3,"34":1,"35":1,"36":1,"37":0,"38":1,"39":7,"40":7,"41":7,"42":0,"43":7},"f":{"0":1,"1":15,"2":3,"3":8,"4":28,"5":1,"6":4,"7":3,"8":1,"9":1,"10":1,"11":0,"12":1,"13":7},"b":{"0":[0,1],"1":[1,1,1],"2":[1,0],"3":[0,1],"4":[0],"5":[9,19],"6":[1,18],"7":[0,18],"8":[6,12],"9":[1,11],"10":[0],"11":[4,7],"12":[0],"13":[7,0]},"_coverageSchema":"43e27e138ebf9cfc5966b082cf9a028302ed4184","hash":"d78342769ae3093556cc95850d9be7fe2b0049cc"}
,"/Users/mcamiano/workspace/luxian/src/routeHelper.js": {"path":"/Users/mcamiano/workspace/luxian/src/routeHelper.js","statementMap":{"0":{"start":{"line":5,"column":8},"end":{"line":5,"column":33}},"1":{"start":{"line":6,"column":8},"end":{"line":6,"column":33}},"2":{"start":{"line":7,"column":8},"end":{"line":7,"column":39}},"3":{"start":{"line":11,"column":8},"end":{"line":11,"column":29}},"4":{"start":{"line":12,"column":8},"end":{"line":12,"column":20}},"5":{"start":{"line":16,"column":8},"end":{"line":16,"column":27}},"6":{"start":{"line":20,"column":27},"end":{"line":22,"column":10}},"7":{"start":{"line":21,"column":12},"end":{"line":21,"column":63}},"8":{"start":{"line":23,"column":20},"end":{"line":23,"column":42}},"9":{"start":{"line":24,"column":26},"end":{"line":24,"column":45}},"10":{"start":{"line":25,"column":8},"end":{"line":25,"column":61}},"11":{"start":{"line":26,"column":8},"end":{"line":26,"column":27}},"12":{"start":{"line":30,"column":8},"end":{"line":30,"column":91}},"13":{"start":{"line":31,"column":8},"end":{"line":31,"column":20}},"14":{"start":{"line":35,"column":8},"end":{"line":35,"column":28}},"15":{"start":{"line":39,"column":26},"end":{"line":39,"column":45}},"16":{"start":{"line":40,"column":8},"end":{"line":40,"column":40}},"17":{"start":{"line":41,"column":8},"end":{"line":41,"column":27}},"18":{"start":{"line":45,"column":8},"end":{"line":45,"column":36}},"19":{"start":{"line":49,"column":19},"end":{"line":49,"column":31}},"20":{"start":{"line":50,"column":26},"end":{"line":50,"column":43}},"21":{"start":{"line":52,"column":8},"end":{"line":54,"column":9}},"22":{"start":{"line":53,"column":12},"end":{"line":53,"column":93}},"23":{"start":{"line":56,"column":8},"end":{"line":58,"column":9}},"24":{"start":{"line":57,"column":12},"end":{"line":57,"column":57}},"25":{"start":{"line":61,"column":8},"end":{"line":76,"column":9}},"26":{"start":{"line":62,"column":12},"end":{"line":75,"column":35}},"27":{"start":{"line":65,"column":24},"end":{"line":73,"column":25}},"28":{"start":{"line":66,"column":39},"end":{"line":66,"column":71}},"29":{"start":{"line":67,"column":28},"end":{"line":69,"column":29}},"30":{"start":{"line":68,"column":32},"end":{"line":68,"column":45}},"31":{"start":{"line":70,"column":28},"end":{"line":70,"column":49}},"32":{"start":{"line":72,"column":28},"end":{"line":72,"column":41}},"33":{"start":{"line":79,"column":8},"end":{"line":83,"column":31}},"34":{"start":{"line":81,"column":26},"end":{"line":81,"column":56}}},"fnMap":{"0":{"name":"(anonymous_0)","decl":{"start":{"line":4,"column":4},"end":{"line":4,"column":5}},"loc":{"start":{"line":4,"column":51},"end":{"line":8,"column":5}},"line":4},"1":{"name":"(anonymous_1)","decl":{"start":{"line":10,"column":4},"end":{"line":10,"column":5}},"loc":{"start":{"line":10,"column":22},"end":{"line":13,"column":5}},"line":10},"2":{"name":"(anonymous_2)","decl":{"start":{"line":15,"column":4},"end":{"line":15,"column":5}},"loc":{"start":{"line":15,"column":16},"end":{"line":17,"column":5}},"line":15},"3":{"name":"(anonymous_3)","decl":{"start":{"line":19,"column":4},"end":{"line":19,"column":5}},"loc":{"start":{"line":19,"column":24},"end":{"line":27,"column":5}},"line":19},"4":{"name":"(anonymous_4)","decl":{"start":{"line":20,"column":66},"end":{"line":20,"column":67}},"loc":{"start":{"line":20,"column":73},"end":{"line":22,"column":9}},"line":20},"5":{"name":"(anonymous_5)","decl":{"start":{"line":29,"column":4},"end":{"line":29,"column":5}},"loc":{"start":{"line":29,"column":24},"end":{"line":32,"column":5}},"line":29},"6":{"name":"(anonymous_6)","decl":{"start":{"line":34,"column":4},"end":{"line":34,"column":5}},"loc":{"start":{"line":34,"column":17},"end":{"line":36,"column":5}},"line":34},"7":{"name":"(anonymous_7)","decl":{"start":{"line":38,"column":4},"end":{"line":38,"column":5}},"loc":{"start":{"line":38,"column":24},"end":{"line":42,"column":5}},"line":38},"8":{"name":"(anonymous_8)","decl":{"start":{"line":44,"column":4},"end":{"line":44,"column":5}},"loc":{"start":{"line":44,"column":15},"end":{"line":46,"column":5}},"line":44},"9":{"name":"(anonymous_9)","decl":{"start":{"line":48,"column":4},"end":{"line":48,"column":5}},"loc":{"start":{"line":48,"column":19},"end":{"line":84,"column":5}},"line":48},"10":{"name":"(anonymous_10)","decl":{"start":{"line":64,"column":25},"end":{"line":64,"column":26}},"loc":{"start":{"line":64,"column":36},"end":{"line":74,"column":21}},"line":64},"11":{"name":"(anonymous_11)","decl":{"start":{"line":81,"column":21},"end":{"line":81,"column":22}},"loc":{"start":{"line":81,"column":26},"end":{"line":81,"column":56}},"line":81}},"branchMap":{"0":{"loc":{"start":{"line":4,"column":35},"end":{"line":4,"column":49}},"type":"default-arg","locations":[{"start":{"line":4,"column":47},"end":{"line":4,"column":49}}],"line":4},"1":{"loc":{"start":{"line":19,"column":13},"end":{"line":19,"column":22}},"type":"default-arg","locations":[{"start":{"line":19,"column":20},"end":{"line":19,"column":22}}],"line":19},"2":{"loc":{"start":{"line":25,"column":35},"end":{"line":25,"column":59}},"type":"cond-expr","locations":[{"start":{"line":25,"column":43},"end":{"line":25,"column":54}},{"start":{"line":25,"column":57},"end":{"line":25,"column":59}}],"line":25},"3":{"loc":{"start":{"line":30,"column":23},"end":{"line":30,"column":90}},"type":"cond-expr","locations":[{"start":{"line":30,"column":54},"end":{"line":30,"column":80}},{"start":{"line":30,"column":83},"end":{"line":30,"column":90}}],"line":30},"4":{"loc":{"start":{"line":52,"column":8},"end":{"line":54,"column":9}},"type":"if","locations":[{"start":{"line":52,"column":8},"end":{"line":54,"column":9}},{"start":{"line":52,"column":8},"end":{"line":54,"column":9}}],"line":52},"5":{"loc":{"start":{"line":56,"column":8},"end":{"line":58,"column":9}},"type":"if","locations":[{"start":{"line":56,"column":8},"end":{"line":58,"column":9}},{"start":{"line":56,"column":8},"end":{"line":58,"column":9}}],"line":56},"6":{"loc":{"start":{"line":61,"column":8},"end":{"line":76,"column":9}},"type":"if","locations":[{"start":{"line":61,"column":8},"end":{"line":76,"column":9}},{"start":{"line":61,"column":8},"end":{"line":76,"column":9}}],"line":61},"7":{"loc":{"start":{"line":61,"column":12},"end":{"line":61,"column":79}},"type":"binary-expr","locations":[{"start":{"line":61,"column":12},"end":{"line":61,"column":28}},{"start":{"line":61,"column":32},"end":{"line":61,"column":48}},{"start":{"line":61,"column":52},"end":{"line":61,"column":79}}],"line":61},"8":{"loc":{"start":{"line":65,"column":24},"end":{"line":73,"column":25}},"type":"if","locations":[{"start":{"line":65,"column":24},"end":{"line":73,"column":25}},{"start":{"line":65,"column":24},"end":{"line":73,"column":25}}],"line":65},"9":{"loc":{"start":{"line":67,"column":28},"end":{"line":69,"column":29}},"type":"if","locations":[{"start":{"line":67,"column":28},"end":{"line":69,"column":29}},{"start":{"line":67,"column":28},"end":{"line":69,"column":29}}],"line":67},"10":{"loc":{"start":{"line":67,"column":32},"end":{"line":67,"column":59}},"type":"binary-expr","locations":[{"start":{"line":67,"column":33},"end":{"line":67,"column":38}},{"start":{"line":67,"column":44},"end":{"line":67,"column":58}}],"line":67},"11":{"loc":{"start":{"line":81,"column":26},"end":{"line":81,"column":56}},"type":"cond-expr","locations":[{"start":{"line":81,"column":40},"end":{"line":81,"column":52}},{"start":{"line":81,"column":55},"end":{"line":81,"column":56}}],"line":81}},"s":{"0":8,"1":8,"2":8,"3":8,"4":8,"5":1,"6":7,"7":1,"8":7,"9":7,"10":7,"11":7,"12":8,"13":8,"14":0,"15":0,"16":0,"17":0,"18":0,"19":7,"20":7,"21":7,"22":0,"23":7,"24":0,"25":7,"26":4,"27":12,"28":4,"29":4,"30":0,"31":4,"32":8,"33":3,"34":9},"f":{"0":8,"1":8,"2":1,"3":7,"4":1,"5":8,"6":0,"7":0,"8":0,"9":7,"10":12,"11":9},"b":{"0":[8],"1":[6],"2":[1,6],"3":[8,0],"4":[0,7],"5":[0,7],"6":[4,3],"7":[7,7,7],"8":[4,8],"9":[0,4],"10":[4,4],"11":[1,8]},"_coverageSchema":"43e27e138ebf9cfc5966b082cf9a028302ed4184","hash":"2b8db88ba58ca1f1b804e360b61b833cc78a6dcf"}
}
