TN:
SF:/Users/mcamiano/workspace/luxian/src/index.js
FN:25,(anonymous_0)
FN:33,(anonymous_1)
FN:39,(anonymous_2)
FN:42,(anonymous_3)
FN:49,(anonymous_4)
FN:67,(anonymous_5)
FN:75,(anonymous_6)
FN:86,(anonymous_7)
FN:89,(anonymous_8)
FN:92,(anonymous_9)
FN:95,(anonymous_10)
FN:98,(anonymous_11)
FN:101,(anonymous_12)
FN:107,(anonymous_13)
FNF:14
FNH:13
FNDA:1,(anonymous_0)
FNDA:15,(anonymous_1)
FNDA:3,(anonymous_2)
FNDA:8,(anonymous_3)
FNDA:28,(anonymous_4)
FNDA:1,(anonymous_5)
FNDA:4,(anonymous_6)
FNDA:3,(anonymous_7)
FNDA:1,(anonymous_8)
FNDA:1,(anonymous_9)
FNDA:1,(anonymous_10)
FNDA:0,(anonymous_11)
FNDA:1,(anonymous_12)
FNDA:7,(anonymous_13)
DA:26,1
DA:27,0
DA:30,1
DA:31,1
DA:33,1
DA:34,15
DA:35,15
DA:38,1
DA:39,1
DA:40,3
DA:42,8
DA:44,1
DA:50,28
DA:51,9
DA:54,19
DA:55,1
DA:58,18
DA:59,0
DA:62,18
DA:63,6
DA:66,12
DA:67,1
DA:68,1
DA:69,1
DA:70,1
DA:74,11
DA:75,4
DA:76,4
DA:77,4
DA:78,4
DA:83,7
DA:85,7
DA:87,3
DA:90,1
DA:93,1
DA:96,1
DA:99,0
DA:102,1
DA:106,7
DA:108,7
DA:109,7
DA:111,0
DA:115,7
LF:43
LH:39
BRDA:26,0,0,0
BRDA:26,0,1,1
BRDA:26,1,0,1
BRDA:26,1,1,1
BRDA:26,1,2,1
BRDA:30,2,0,1
BRDA:30,2,1,0
BRDA:33,3,0,0
BRDA:33,3,1,1
BRDA:33,4,0,0
BRDA:50,5,0,9
BRDA:50,5,1,19
BRDA:54,6,0,1
BRDA:54,6,1,18
BRDA:58,7,0,0
BRDA:58,7,1,18
BRDA:62,8,0,6
BRDA:62,8,1,12
BRDA:66,9,0,1
BRDA:66,9,1,11
BRDA:67,10,0,0
BRDA:74,11,0,4
BRDA:74,11,1,7
BRDA:75,12,0,0
BRDA:108,13,0,7
BRDA:108,13,1,0
BRF:26
BRH:18
end_of_record
TN:
SF:/Users/mcamiano/workspace/luxian/src/routeHelper.js
FN:4,(anonymous_0)
FN:10,(anonymous_1)
FN:15,(anonymous_2)
FN:19,(anonymous_3)
FN:20,(anonymous_4)
FN:29,(anonymous_5)
FN:34,(anonymous_6)
FN:38,(anonymous_7)
FN:44,(anonymous_8)
FN:48,(anonymous_9)
FN:64,(anonymous_10)
FN:81,(anonymous_11)
FNF:12
FNH:9
FNDA:8,(anonymous_0)
FNDA:8,(anonymous_1)
FNDA:1,(anonymous_2)
FNDA:7,(anonymous_3)
FNDA:1,(anonymous_4)
FNDA:8,(anonymous_5)
FNDA:0,(anonymous_6)
FNDA:0,(anonymous_7)
FNDA:0,(anonymous_8)
FNDA:7,(anonymous_9)
FNDA:12,(anonymous_10)
FNDA:9,(anonymous_11)
DA:5,8
DA:6,8
DA:7,8
DA:11,8
DA:12,8
DA:16,1
DA:20,7
DA:21,1
DA:23,7
DA:24,7
DA:25,7
DA:26,7
DA:30,8
DA:31,8
DA:35,0
DA:39,0
DA:40,0
DA:41,0
DA:45,0
DA:49,7
DA:50,7
DA:52,7
DA:53,0
DA:56,7
DA:57,0
DA:61,7
DA:62,4
DA:65,12
DA:66,4
DA:67,4
DA:68,0
DA:70,4
DA:72,8
DA:79,3
DA:81,9
LF:35
LH:27
BRDA:4,0,0,8
BRDA:19,1,0,6
BRDA:25,2,0,1
BRDA:25,2,1,6
BRDA:30,3,0,8
BRDA:30,3,1,0
BRDA:52,4,0,0
BRDA:52,4,1,7
BRDA:56,5,0,0
BRDA:56,5,1,7
BRDA:61,6,0,4
BRDA:61,6,1,3
BRDA:61,7,0,7
BRDA:61,7,1,7
BRDA:61,7,2,7
BRDA:65,8,0,4
BRDA:65,8,1,8
BRDA:67,9,0,0
BRDA:67,9,1,4
BRDA:67,10,0,4
BRDA:67,10,1,4
BRDA:81,11,0,1
BRDA:81,11,1,8
BRF:23
BRH:19
end_of_record
