TN:
SF:/Users/mcamiano/workspace/luxian/src/index.js
FN:27,(anonymous_0)
FN:36,(anonymous_1)
FN:42,(anonymous_2)
FN:45,(anonymous_3)
FN:52,(anonymous_4)
FN:70,(anonymous_5)
FN:78,(anonymous_6)
FN:89,(anonymous_7)
FN:92,(anonymous_8)
FN:95,(anonymous_9)
FN:98,(anonymous_10)
FN:101,(anonymous_11)
FN:104,(anonymous_12)
FN:110,(anonymous_13)
FNF:14
FNH:13
FNDA:1,(anonymous_0)
FNDA:15,(anonymous_1)
FNDA:3,(anonymous_2)
FNDA:8,(anonymous_3)
FNDA:28,(anonymous_4)
FNDA:1,(anonymous_5)
FNDA:4,(anonymous_6)
FNDA:3,(anonymous_7)
FNDA:1,(anonymous_8)
FNDA:1,(anonymous_9)
FNDA:1,(anonymous_10)
FNDA:0,(anonymous_11)
FNDA:1,(anonymous_12)
FNDA:7,(anonymous_13)
DA:29,1
DA:30,0
DA:33,1
DA:34,1
DA:36,1
DA:37,15
DA:38,15
DA:41,1
DA:42,1
DA:43,3
DA:45,8
DA:47,1
DA:53,28
DA:54,9
DA:57,19
DA:58,1
DA:61,18
DA:62,0
DA:65,18
DA:66,6
DA:69,12
DA:70,1
DA:71,1
DA:72,1
DA:73,1
DA:77,11
DA:78,4
DA:79,4
DA:80,4
DA:81,4
DA:86,7
DA:88,7
DA:90,3
DA:93,1
DA:96,1
DA:99,1
DA:102,0
DA:105,1
DA:109,7
DA:111,7
DA:112,7
DA:114,0
DA:118,7
LF:43
LH:39
BRDA:29,0,0,0
BRDA:29,0,1,1
BRDA:29,1,0,1
BRDA:29,1,1,1
BRDA:29,1,2,1
BRDA:33,2,0,1
BRDA:33,2,1,0
BRDA:36,3,0,0
BRDA:36,3,1,1
BRDA:36,4,0,0
BRDA:53,5,0,9
BRDA:53,5,1,19
BRDA:57,6,0,1
BRDA:57,6,1,18
BRDA:61,7,0,0
BRDA:61,7,1,18
BRDA:65,8,0,6
BRDA:65,8,1,12
BRDA:69,9,0,1
BRDA:69,9,1,11
BRDA:70,10,0,0
BRDA:77,11,0,4
BRDA:77,11,1,7
BRDA:78,12,0,0
BRDA:111,13,0,7
BRDA:111,13,1,0
BRF:26
BRH:18
end_of_record
